<?xml version="1.0" encoding="UTF-8"?>
<testsuite errors="0" failures="0" name="TestShowTimesService-20180701125426" skipped="0" tests="2" time="0.215" timestamp="2018-07-01T12:54:26">
	<testcase classname="TestShowTimesService" name="test_not_found" time="0.038" timestamp="2018-07-01T12:54:26"/>
	<testcase classname="TestShowTimesService" name="test_showtimes_records" time="0.177" timestamp="2018-07-01T12:54:26"/>
	<system-out>
<![CDATA[]]>	</system-out>
	<system-err>
<![CDATA[]]>	</system-err>
</testsuite>
