<?xml version="1.0" ?>
<testsuite errors="0" failures="0" name="TestUserService-20180612220133" tests="6" time="35.680">
	<testcase classname="TestUserService" name="test_add_user" time="0.424"/>
	<testcase classname="TestUserService" name="test_book_movie" time="5.036"/>
	<testcase classname="TestUserService" name="test_user_not_found" time="0.543"/>
	<testcase classname="TestUserService" name="test_user_records" time="0.893"/>
	<testcase classname="TestUserService" name="test_user_suggested" time="15.545"/>
	<testcase classname="TestUserService" name="test_view_user_booking" time="13.239"/>
	<system-out>
<![CDATA[]]>	</system-out>
	<system-err>
<![CDATA[]]>	</system-err>
</testsuite>
